<?xml version="1.0" encoding="UTF-8"?>
<testsuite name="guru.qa.niffler.service.cors.CookieCsrfFilterTest" tests="1" skipped="0" failures="0" errors="0" timestamp="2024-06-18T07:42:58" hostname="MATEBOOK-D15" time="0.362">
  <properties/>
  <testcase name="doFilterInternal(HttpServletRequest, HttpServletResponse, FilterChain, CsrfToken)" classname="guru.qa.niffler.service.cors.CookieCsrfFilterTest" time="0.362"/>
  <system-out><![CDATA[]]></system-out>
  <system-err><![CDATA[]]></system-err>
</testsuite>
